<?xml version="1.0" encoding="UTF-8"?>
<!-- Generated by org.testng.reporters.JUnitReportReporter -->
<testsuite hostname="zhangzhixiongdeiMac.local" name="config.DongDongkeyword" tests="2" failures="1" timestamp="13 Mar 2017 08:29:17 GMT" time="221.482" errors="0">
  <testcase name="Dongdongtest002" time="208.467" classname="config.DongDongkeyword">
    <failure type="org.openqa.selenium.WebDriverException" message="An unknown server-side error occurred while processing the command. Original error: Could not proxy command to remote server. Original error: Error: socket hang up (WARNING: The server did not provide any stacktrace information)
Command duration or timeout: 159 milliseconds
Build info: version: &#039;2.46.0&#039;, revision: &#039;87c69e2&#039;, time: &#039;2015-06-04 16:17:10&#039;
System info: host: &#039;zhangzhixiongdeiMac.local&#039;, ip: &#039;192.9.98.89&#039;, os.name: &#039;Mac OS X&#039;, os.arch: &#039;x86_64&#039;, os.version: &#039;10.11.6&#039;, java.version: &#039;1.8.0_91&#039;
Driver info: io.appium.java_client.ios.IOSDriver
Capabilities [{app=/Users/zhangzhixiong/项目/咚咚找房-金服/Build/Products/AppStore-iphoneos/DongDong.app, networkConnectionEnabled=false, bundleId=com.szhome.DongDong, databaseEnabled=false, deviceName=iPhone 5s, platform=MAC, logLevel=DEBUG, platformVersion=10.1, webStorageEnabled=false, locationContextEnabled=false, automationName=XCUITest, browserName=, takesScreenshot=true, javascriptEnabled=true, platformName=iOS, udid=33370874330955d31bfd2fdf3077e51b80d16401, autoAcceptAlerts=false}]
Session ID: 944dc081-29b1-45cc-adff-2a0c27f43a51">
      <![CDATA[org.openqa.selenium.WebDriverException: An unknown server-side error occurred while processing the command. Original error: Could not proxy command to remote server. Original error: Error: socket hang up (WARNING: The server did not provide any stacktrace information)
Command duration or timeout: 159 milliseconds
Build info: version: '2.46.0', revision: '87c69e2', time: '2015-06-04 16:17:10'
System info: host: 'zhangzhixiongdeiMac.local', ip: '192.9.98.89', os.name: 'Mac OS X', os.arch: 'x86_64', os.version: '10.11.6', java.version: '1.8.0_91'
Driver info: io.appium.java_client.ios.IOSDriver
Capabilities [{app=/Users/zhangzhixiong/项目/咚咚找房-金服/Build/Products/AppStore-iphoneos/DongDong.app, networkConnectionEnabled=false, bundleId=com.szhome.DongDong, databaseEnabled=false, deviceName=iPhone 5s, platform=MAC, logLevel=DEBUG, platformVersion=10.1, webStorageEnabled=false, locationContextEnabled=false, automationName=XCUITest, browserName=, takesScreenshot=true, javascriptEnabled=true, platformName=iOS, udid=33370874330955d31bfd2fdf3077e51b80d16401, autoAcceptAlerts=false}]
Session ID: 944dc081-29b1-45cc-adff-2a0c27f43a51
	at sun.reflect.NativeConstructorAccessorImpl.newInstance0(Native Method)
	at sun.reflect.NativeConstructorAccessorImpl.newInstance(NativeConstructorAccessorImpl.java:62)
	at sun.reflect.DelegatingConstructorAccessorImpl.newInstance(DelegatingConstructorAccessorImpl.java:45)
	at java.lang.reflect.Constructor.newInstance(Constructor.java:423)
	at org.openqa.selenium.remote.ErrorHandler.createThrowable(ErrorHandler.java:204)
	at org.openqa.selenium.remote.ErrorHandler.throwIfResponseFailed(ErrorHandler.java:156)
	at org.openqa.selenium.remote.RemoteWebDriver.execute(RemoteWebDriver.java:605)
	at io.appium.java_client.DefaultGenericMobileDriver.execute(DefaultGenericMobileDriver.java:27)
	at io.appium.java_client.AppiumDriver.execute(AppiumDriver.java:272)
	at org.openqa.selenium.remote.RemoteWebDriver.getPageSource(RemoteWebDriver.java:465)
	at config.DongDongkeyword.Dongdongtest002(DongDongkeyword.java:115)
	at traverse.appiumAuto.XCUIElemStaticText(appiumAuto.java:518)
	at traverse.appiumAuto.listNodes(appiumAuto.java:449)
	at traverse.appiumAuto.listNodes(appiumAuto.java:464)
	at traverse.appiumAuto.listNodes(appiumAuto.java:464)
	at traverse.appiumAuto.listNodes(appiumAuto.java:464)
	at traverse.appiumAuto.listNodes(appiumAuto.java:464)
	at traverse.appiumAuto.listNodes(appiumAuto.java:464)
	at traverse.appiumAuto.listNodes(appiumAuto.java:464)
	at traverse.appiumAuto.listNodes(appiumAuto.java:464)
	at traverse.appiumAuto.listNodes(appiumAuto.java:464)
	at traverse.appiumAuto.listNodes(appiumAuto.java:464)
	at traverse.appiumAuto.listNodes(appiumAuto.java:464)
	at traverse.appiumAuto.listNodes(appiumAuto.java:464)
	at traverse.appiumAuto.listNodes(appiumAuto.java:464)
	at config.DongDongkeyword.Dongdongtest002(DongDongkeyword.java:150)
	at traverse.appiumAuto.XCUIElemStaticText(appiumAuto.java:518)
	at traverse.appiumAuto.listNodes(appiumAuto.java:449)
	at traverse.appiumAuto.listNodes(appiumAuto.java:464)
	at traverse.appiumAuto.listNodes(appiumAuto.java:464)
	at traverse.appiumAuto.listNodes(appiumAuto.java:464)
	at traverse.appiumAuto.listNodes(appiumAuto.java:464)
	at traverse.appiumAuto.listNodes(appiumAuto.java:464)
	at traverse.appiumAuto.listNodes(appiumAuto.java:464)
	at traverse.appiumAuto.listNodes(appiumAuto.java:464)
	at traverse.appiumAuto.listNodes(appiumAuto.java:464)
	at traverse.appiumAuto.listNodes(appiumAuto.java:464)
	at traverse.appiumAuto.listNodes(appiumAuto.java:464)
	at traverse.appiumAuto.listNodes(appiumAuto.java:464)
	at traverse.appiumAuto.listNodes(appiumAuto.java:464)
	at config.DongDongkeyword.Dongdongtest002(DongDongkeyword.java:150)
	at traverse.appiumAuto.XCUIElemStaticText(appiumAuto.java:518)
	at traverse.appiumAuto.listNodes(appiumAuto.java:449)
	at traverse.appiumAuto.listNodes(appiumAuto.java:464)
	at traverse.appiumAuto.listNodes(appiumAuto.java:464)
	at traverse.appiumAuto.listNodes(appiumAuto.java:464)
	at traverse.appiumAuto.listNodes(appiumAuto.java:464)
	at traverse.appiumAuto.listNodes(appiumAuto.java:464)
	at traverse.appiumAuto.listNodes(appiumAuto.java:464)
	at traverse.appiumAuto.listNodes(appiumAuto.java:464)
	at traverse.appiumAuto.listNodes(appiumAuto.java:464)
	at traverse.appiumAuto.listNodes(appiumAuto.java:464)
	at traverse.appiumAuto.listNodes(appiumAuto.java:464)
	at traverse.appiumAuto.listNodes(appiumAuto.java:464)
	at traverse.appiumAuto.listNodes(appiumAuto.java:464)
	at config.DongDongkeyword.Dongdongtest002(DongDongkeyword.java:150)
	at traverse.appiumAuto.XCUIElemButton(appiumAuto.java:490)
	at traverse.appiumAuto.listNodes(appiumAuto.java:445)
	at traverse.appiumAuto.listNodes(appiumAuto.java:464)
	at traverse.appiumAuto.listNodes(appiumAuto.java:464)
	at traverse.appiumAuto.listNodes(appiumAuto.java:464)
	at traverse.appiumAuto.listNodes(appiumAuto.java:464)
	at traverse.appiumAuto.listNodes(appiumAuto.java:464)
	at traverse.appiumAuto.listNodes(appiumAuto.java:464)
	at traverse.appiumAuto.listNodes(appiumAuto.java:464)
	at traverse.appiumAuto.listNodes(appiumAuto.java:464)
	at traverse.appiumAuto.listNodes(appiumAuto.java:464)
	at traverse.appiumAuto.listNodes(appiumAuto.java:464)
	at traverse.appiumAuto.listNodes(appiumAuto.java:464)
	at traverse.appiumAuto.listNodes(appiumAuto.java:464)
	at config.DongDongkeyword.Dongdongtest002(DongDongkeyword.java:150)
	at traverse.appiumAuto.XCUIElemButton(appiumAuto.java:490)
	at traverse.appiumAuto.listNodes(appiumAuto.java:445)
	at traverse.appiumAuto.listNodes(appiumAuto.java:464)
	at traverse.appiumAuto.listNodes(appiumAuto.java:464)
	at traverse.appiumAuto.listNodes(appiumAuto.java:464)
	at traverse.appiumAuto.listNodes(appiumAuto.java:464)
	at traverse.appiumAuto.listNodes(appiumAuto.java:464)
	at traverse.appiumAuto.listNodes(appiumAuto.java:464)
	at traverse.appiumAuto.listNodes(appiumAuto.java:464)
	at traverse.appiumAuto.listNodes(appiumAuto.java:464)
	at traverse.appiumAuto.listNodes(appiumAuto.java:464)
	at traverse.appiumAuto.listNodes(appiumAuto.java:464)
	at traverse.appiumAuto.listNodes(appiumAuto.java:464)
	at config.DongDongkeyword.Dongdongtest002(DongDongkeyword.java:150)
	at sun.reflect.NativeMethodAccessorImpl.invoke0(Native Method)
	at sun.reflect.NativeMethodAccessorImpl.invoke(NativeMethodAccessorImpl.java:62)
	at sun.reflect.DelegatingMethodAccessorImpl.invoke(DelegatingMethodAccessorImpl.java:43)
	at java.lang.reflect.Method.invoke(Method.java:498)
	at org.testng.internal.MethodInvocationHelper.invokeMethod(MethodInvocationHelper.java:84)
	at org.testng.internal.Invoker.invokeMethod(Invoker.java:714)
	at org.testng.internal.Invoker.invokeTestMethod(Invoker.java:901)
	at org.testng.internal.Invoker.invokeTestMethods(Invoker.java:1231)
	at org.testng.internal.TestMethodWorker.invokeTestMethods(TestMethodWorker.java:127)
	at org.testng.internal.TestMethodWorker.run(TestMethodWorker.java:111)
	at org.testng.TestRunner.privateRun(TestRunner.java:767)
	at org.testng.TestRunner.run(TestRunner.java:617)
	at org.testng.SuiteRunner.runTest(SuiteRunner.java:334)
	at org.testng.SuiteRunner.runSequentially(SuiteRunner.java:329)
	at org.testng.SuiteRunner.privateRun(SuiteRunner.java:291)
	at org.testng.SuiteRunner.run(SuiteRunner.java:240)
	at org.testng.SuiteRunnerWorker.runSuite(SuiteRunnerWorker.java:52)
	at org.testng.SuiteRunnerWorker.run(SuiteRunnerWorker.java:86)
	at org.testng.TestNG.runSuitesSequentially(TestNG.java:1224)
	at org.testng.TestNG.runSuitesLocally(TestNG.java:1149)
	at org.testng.TestNG.run(TestNG.java:1057)
	at org.testng.remote.AbstractRemoteTestNG.run(AbstractRemoteTestNG.java:132)
	at org.testng.remote.RemoteTestNG.initAndRun(RemoteTestNG.java:236)
	at org.testng.remote.RemoteTestNG.main(RemoteTestNG.java:81)
]]>
    </failure>
  </testcase> <!-- Dongdongtest002 -->
  <testcase name="Dongdongtest001" time="13.015" classname="config.DongDongkeyword"/>
</testsuite> <!-- config.DongDongkeyword -->
